<?xml version="1.0" encoding="UTF-8"?>
<!-- Generated by org.testng.reporters.JUnitReportReporter -->
<testsuite hostname="LAPTOP-P36ABI33" failures="0" tests="1" name="testRunner.TestNGTestRunner" time="9.950" errors="0" timestamp="2024-05-10T15:28:04 IST" skipped="0">
  <testcase classname="testRunner.TestNGTestRunner" name="runScenario" time="9.950"/>
</testsuite> <!-- testRunner.TestNGTestRunner -->
